<?xml version="1.0" encoding="UTF-8"?>
<testng-results skipped="0" failed="0" ignored="0" total="3" passed="3">
  <reporter-output>
  </reporter-output>
  <suite name="Default suite" duration-ms="2853" started-at="2021-01-27T03:23:26Z" finished-at="2021-01-27T03:23:29Z">
    <groups>
      <group name="cucumber">
        <method signature="AbstractTestNGCucumberTests.runScenario(io.cucumber.testng.PickleWrapper, io.cucumber.testng.FeatureWrapper)[pri:0, instance:runnerpackage.ParallelExecutionTestNgScenarioLevel@4bec1f0c]" name="runScenario" class="io.cucumber.testng.AbstractTestNGCucumberTests"/>
      </group> <!-- cucumber -->
    </groups>
    <test name="Default test" duration-ms="2853" started-at="2021-01-27T03:23:26Z" finished-at="2021-01-27T03:23:29Z">
      <class name="runnerpackage.ParallelExecutionTestNgScenarioLevel">
        <test-method status="PASS" signature="setUpClass()[pri:0, instance:runnerpackage.ParallelExecutionTestNgScenarioLevel@4bec1f0c]" name="setUpClass" is-config="true" duration-ms="1842" started-at="2021-01-27T03:23:26Z" finished-at="2021-01-27T03:23:28Z">
          <reporter-output>
          </reporter-output>
        </test-method> <!-- setUpClass -->
        <test-method status="PASS" signature="runScenario(io.cucumber.testng.PickleWrapper, io.cucumber.testng.FeatureWrapper)[pri:0, instance:runnerpackage.ParallelExecutionTestNgScenarioLevel@4bec1f0c]" name="runScenario" duration-ms="621" started-at="2021-01-27T03:23:28Z" description="Runs Cucumber Scenarios" data-provider="scenarios" finished-at="2021-01-27T03:23:29Z">
          <params>
            <param index="0">
              <value>
                <![CDATA["get title and product count on dresses (positive)"]]>
              </value>
            </param>
            <param index="1">
              <value>
                <![CDATA["Optional[Get the page title and the count of individual Dresses]"]]>
              </value>
            </param>
          </params>
          <reporter-output>
          </reporter-output>
        </test-method> <!-- runScenario -->
        <test-method status="PASS" signature="runScenario(io.cucumber.testng.PickleWrapper, io.cucumber.testng.FeatureWrapper)[pri:0, instance:runnerpackage.ParallelExecutionTestNgScenarioLevel@4bec1f0c]" name="runScenario" duration-ms="61" started-at="2021-01-27T03:23:29Z" description="Runs Cucumber Scenarios" data-provider="scenarios" finished-at="2021-01-27T03:23:29Z">
          <params>
            <param index="0">
              <value>
                <![CDATA["Update Personal Information (positive)"]]>
              </value>
            </param>
            <param index="1">
              <value>
                <![CDATA["Optional[Placing an order and updating Firstname of the loggedin Account]"]]>
              </value>
            </param>
          </params>
          <reporter-output>
          </reporter-output>
        </test-method> <!-- runScenario -->
        <test-method status="PASS" signature="runScenario(io.cucumber.testng.PickleWrapper, io.cucumber.testng.FeatureWrapper)[pri:0, instance:runnerpackage.ParallelExecutionTestNgScenarioLevel@4bec1f0c]" name="runScenario" duration-ms="45" started-at="2021-01-27T03:23:29Z" description="Runs Cucumber Scenarios" data-provider="scenarios" finished-at="2021-01-27T03:23:29Z">
          <params>
            <param index="0">
              <value>
                <![CDATA["Placing an order and verifying the order details"]]>
              </value>
            </param>
            <param index="1">
              <value>
                <![CDATA["Optional[Placing an order and updating Firstname of the loggedin Account]"]]>
              </value>
            </param>
          </params>
          <reporter-output>
          </reporter-output>
        </test-method> <!-- runScenario -->
        <test-method status="PASS" signature="tearDownClass()[pri:0, instance:runnerpackage.ParallelExecutionTestNgScenarioLevel@4bec1f0c]" name="tearDownClass" is-config="true" duration-ms="192" started-at="2021-01-27T03:23:29Z" finished-at="2021-01-27T03:23:29Z">
          <reporter-output>
          </reporter-output>
        </test-method> <!-- tearDownClass -->
      </class> <!-- runnerpackage.ParallelExecutionTestNgScenarioLevel -->
    </test> <!-- Default test -->
  </suite> <!-- Default suite -->
</testng-results>
